2462
2462
2462
2484
2486
2528
2519
2495
2495
2495
2495
2491
2478
2421
2240
2233
2233
2233
2408
2447
2448
2448
2448
2447
2448
2446
2446
2449
2449
2419
2276
2247
2247
2247
2247
2247
2224
2223
2221
2221
2223
2229
2229
2233
2234
2234
2234
2234
2242
2243
2243
2243
2243
2249
2259
2261
2261
2262
2262
2275
2275
2277
2280
2280
2280
2284
2286
2286
2287
2287
2298
2299
2309
2312
2313
2317
2317
2318
2326
2326
2326
2329
2329
2338
2338
2342
2342
2339
2339
2347
2347
2354
2354
2356
2360
2368
2370
2371
2372
2376
2381
2386
2389
2390
2393
2396
2399
2406
2409
2411
2419
2424
2432
2440
2441
2444
2457
2457
2457
2473
2474
2483
2489
2492
2494
2496
2506
2508
2508
2506
2520
2520
2520
2599
2820
2951
2980
2985
2991
3010
3015
3031
3042
3053
3067
3070
3085
3086
3106
3116
3128
3145
3152
3183
3183
3203
3206
3212
3229
3248
3267
3269
3279
3292
3315
3318
3353
3356
3364
3388
3398
3410
3426
3443
3464
3479
3492
3499
3530
3543
3567
3577
3600
3614
3628
3644
3664
3690
3708
3727
3746
3770
3785
3817
3832
3848
3866
3866
3866
3813
3813
3813
3829
3847
3878
3902
3922
3986
4004
4022
4087
4202
4242
4242
4242
4207
4205
4199
4193
4190
4179
4160
897
895
892
892
892
889
877
877
872
872
872
874
874
874
861
861
861
858
858
858
848
843
843
843
844
844
844
840
832
832
831
831
831
828
823
823
821
821
821
821
821
821
811
810
809
809
808
808
807
807
804
802
801
797
795
795
793
793
791
791
791
787
785
784
779
779
779
776
776
774
773
773
774
780
780
780
780
773
772
772
772
775
775
775
766
765
765
766
765
765
764
764
763
757
757
757
757
766
766
766
766
758
758
757
757
760
760
758
758
758
758
758
756
756
756
752
752
750
750
746
743
743
746
748
748
748
740
740
740
744
748
748
748
741
741
741
745
745
745
754
744
744
747
752
752
752
755
755
752
751
751
751
751
749
749
748
749
751
751
748
751
751
751
751
752
752
751
751
752
752
760
760
757
757
760
758
768
768
759
759
761
761
763
768
768
763
768
768
768
771
777
777
777
777
777
775
775
774
774
775
790
792
793
793
790
790
790
790
790
792
800
800
800
797
796
796
795
797
798
802
802
809
812
818
819
820
820
820
826
828
830
834
836
836
836
830
828
828
830
839
852
852
852
844
844
844
855
855
861
864
864
866
869
875
876
877
876
876
877
877
893
896
898
896
896
900
900
903
909
910
911
915
915
916
927
927
934
934
935
937
937
943
945
945
947
958
959
961
968
979
979
984
984
984
984
7752
7752
7725
7686
7653
7634
7598
7572
7530
7498
7472
7441
7408
7391
7377
7342
7319
7286
7251
7232
7210
7067
6908
6799
6761
6710
6696
6674
6674
6686
6721
6784
6911
6911
6881
6872
6844
6814
6787
6787
6826
6869
6879
6879
6851
6838
6805
6779
6779
6814
8890
8890
8881
8848
8815
8782
6648
6615
6599
6584
6573
6548
6527
6510
775
771
757
756
752
743
733
730
730
729
729
730
729
724
724
728
724
728
728
727
726
727
727
731
731
731
730
730
730
733
734
738
738
738
737
737
737
737
741
744
754
757
760
771
775
775
775
775
778
780
782
793
796
798
799
799
800
803
809
820
820
820
825
825
825
832
852
860
864
865
866
866
881
887
887
895
899
899
904
916
935
937
949
950
952
974
974
975
976
976
986
998
1029
1032
1034
1046
1070
1108
1116
1124
4988
4988
4988
4988
4988
4987
4988
4992
5004
5013
5016
5082
5386
5387
5386
5387
5391
5391
5392
5390
5386
5386
5387
5387
5390
5392
5392
5392
5396
5400
5396
5392
5390
5378
5005
4954
4778
4571
4459
4421

