2466
2466
2466
2483
2483
2525
2525
2522
2522
2522
2522
2493
2489
2441
2236
2236
2236
2253
2440
2440
2460
2460
2455
2455
2457
2455
2457
2460
2460
2422
2275
2265
2265
2263
2263
2263
2224
2224
2224
2226
2236
2245
2245
2245
2240
2240
2240
2247
2250
2252
2252
2252
2257
2264
2268
2270
2270
2270
2270
2277
2279
2282
2282
2286
2288
2288
2288
2288
2295
2298
2305
2305
2305
2308
2310
2321
2324
2327
2334
2337
2337
2338
2338
2353
2353
2353
2347
2345
2345
2347
2356
2360
2370
2370
2373
2373
2376
2376
2382
2387
2391
2392
2397
2399
2405
2407
2410
2414
2418
2432
2432
2432
2436
2443
2447
2447
2464
2464
2470
2473
2475
2475
2481
2483
2489
2496
2508
2515
2515
2515
2527
2528
2536
2610
2818
2971
2972
2992
3002
3011
3033
3035
3054
3059
3062
3080
3092
3104
3116
3133
3136
3145
3160
3168
3183
3207
3218
3222
3230
3252
3256
3268
3281
3295
3310
3323
3335
3361
3373
3391
3407
3432
3433
3452
3463
3486
3507
3517
3536
3552
3555
3579
3592
3625
3639
3654
3676
3694
3694
3694
646
628
628
628
643
645
645
643
636
626
626
622
626
629
629
629
629
625
625
625
625
626
626
627
626
627
628
628
628
628
628
627
627
619
619
627
621
622
622
621
621
622
625
625
625
625
624
621
619
619
619
619
619
617
617
617
620
620
620
618
616
616
618
619
619
619
619
624
623
623
626
623
623
625
625
625
625
625
623
623
623
624
626
626
626
626
626
626
637
639
639
639
636
633
631
631
631
633
640
640
633
627
627
627
635
642
642
642
643
642
642
642
638
638
641
641
650
650
650
647
646
646
647
652
652
652
653
653
657
657
657
656
656
656
657
668
668
665
668
668
674
674
674
669
669
669
685
685
685
680
676
676
680
686
686
686
686
686
687
691
695
695
696
696
696
700
703
707
707
715
715
711
715
717
717
719
719
719
719
721
725
725
725
731
737
738
746
746
746
738
746
746
746
757
759
763
763
766
773
773
778
778
778
781
784
789
792
792
792
795
795
795
802
808
813
813
813
813
816
828
828
836
836
839
845
848
848
859
863
868
868
869
875
879
886
887
887
889
890
899
903
905
907
911
907
918
924
927
937
941
943
948
951
954
956
972
976
977
983
987
995
1003
1003
1014
1015
1015
1015
1030
1039
1043
1048
1048
1048
1048
1081
1104
1111
1112
1114
1124
1125
1129
1130
1147
1153
1165
1167
5530
5530
5530
5560
5582
5590
5594
5656
5907
5909
5942
5962
6006
6645
6645
6624
6593
6586
6555
6555
8519
8519
8416
8398
8368
8320
8298
8282
8194
8186
8162
8133
8047
8040
7985
7962
7918
7889
7868
7833
7813
7774
7734
7690
7660
7631
7593
7583
7546
7513
7479
7451
7416
7395
7376
7356
7328
7290
7257
7242
7212
7067
6915
6803
6736
6713
6697
6679
6679
6685
6734
6798
6914
6914
6887
6859
6838
6818
6803
6803
6823
6860
6871
6871
6861
6826
6824
6787
6787
6815
8896
8896
8871
8847
8811
8809
6671
6603
6603
6593
6572
6548
6530
6528
6509
6493
6440
5946
5783
5756
872
871
869
864
858
858
858
856
854
844
844
844
847
847
847
847
843
843
848
854
854
855
854
851
851
855
855
855
855
855
857
857
868
873
883
883
884
884
889
891
907
907
907
907
907
905
907
917
921
923
923
923
930
931
931
935
939
941
943
951
952
965
974
979
982
986
987
990
1012
1012
1013
1013
1021
1027
1036
1042
1055
1057
1058
1061
1081
1081
1090
1094
1099
1110
1113
1122
1133
1184
1199
1214
1214
1224
4996
4996
4996
4995
4991
4991
4991
4994
5012
5016
5017
5081
5386
5390
5391
5393
5393
5400
5385
5397
5397
5403
5403
5403
5398
5389
5389
5402
5409
5415
5409
5409
5396
5382
5005
4960
4775
4584
4465
4430

