2471
2471
2471
2474
2483
2524
2529
2530
2530
2535
2535
2530
2497
2411
2242
2242
2242
2271
2449
2449
2460
2452
2449
2452
2458
2452
2458
2466
2458
2419
2282
2273
2256
2253
2252
2246
2232
2231
2231
2231
2226
2226
2226
2239
2244
2246
2250
2250
2250
2251
2253
2254
2254
2255
2259
2263
2263
2270
2271
2272
2281
2285
2286
2286
2291
2292
2297
2298
2299
2305
2308
2308
2308
2308
2315
2320
2326
2331
2332
2334
2334
2342
2342
2352
2352
2352
2349
2349
2349
2360
2360
2360
2360
2363
2364
2375
2375
2379
2380
2383
2384
2395
2395
2398
2403
2403
2404
2414
2428
2428
2428
2430
2430
2442
2452
2458
2459
2461
2461
2462
2469
2484
2490
2490
2494
2494
2509
2512
2517
2517
2517
2517
2517
2593
2812
2967
2985
2994
3006
3022
3036
3045
3047
3050
3072
3080
3090
3096
3104
3126
3144
3156
3173
3187
3200
3205
3209
3223
3235
3256
3269
3274
3288
3302
3314
3316
3351
3357
3380
3397
3414
3435
3435
3441
3461
3491
3512
3531
3544
3555
3564
3578
3592
3617
3644
3657
3684
3691
3715
3728
3752
3770
3797
3826
3846
3865
3879
3879
3879
3816
3816
3816
3841
3867
3889
3906
3906
3906
573
533
532
532
531
522
521
521
521
523
523
523
519
513
509
509
509
522
526
526
526
523
518
518
518
526
529
529
529
533
534
532
532
534
534
533
533
535
535
535
539
539
539
536
536
536
536
540
540
538
540
540
541
542
554
554
555
555
548
547
547
547
554
556
557
557
557
557
557
559
565
565
565
564
563
563
563
572
579
579
579
569
569
569
576
584
584
584
584
588
588
593
595
595
595
600
596
596
600
605
605
605
603
603
603
611
611
616
616
614
614
619
626
632
632
632
632
636
638
640
642
645
649
650
653
655
655
654
655
655
666
669
669
671
672
675
681
688
688
691
691
695
697
699
700
704
712
712
712
712
712
724
732
732
732
738
739
739
742
745
748
750
754
754
761
763
764
767
777
778
785
791
793
796
804
805
808
817
817
821
829
829
833
854
854
857
857
865
865
867
880
881
886
887
887
899
905
905
910
917
929
929
936
944
950
951
959
974
975
994
1001
1005
1010
1013
1015
1024
1038
1053
1060
1060
1063
1075
1077
1100
1105
1116
1118
1124
1126
1136
1142
1172
1181
1187
1214
1242
1259
1264
1266
1268
1276
1276
1276
0
0
0
0
7136
7136
7134
7134
9406
9406
5504
5504
9486
9543
9543
0
0
0
0
0
0
5529
5531
5541
5541
5533
5533
5555
5557
5557
5573
5573
5573
5645
5919
5945
5958
5989
5989
6636
6636
6625
6598
6575
6537
6537
8519
8519
8433
8398
8353
8311
8274
8259
8207
8178
8148
8140
8033
8027
7997
7966
7937
7902
7868
7825
7797
7761
7715
7691
7657
7641
7606
7566
7551
7519
7485
7470
7419
7401
7366
7357
7332
7303
7271
7240
7207
7060
6914
6794
6762
6726
6690
6688
6683
6683
6726
6771
6913
6913
6891
6865
6837
6817
6801
6801
6829
6866
6867
6867
6837
6821
6801
6794
6794
6818
8874
8874
8854
8836
8820
8800
6663
6652
6594
6579
6562
6546
6534
6534
6508
6488
6453
877
875
869
868
864
845
840
840
840
843
843
843
835
835
835
835
844
844
845
844
843
842
843
842
842
842
844
852
853
855
857
857
858
860
860
871
871
884
884
885
884
884
885
893
899
899
900
900
900
903
905
911
913
913
918
918
919
920
920
934
943
947
951
956
959
965
976
976
977
987
994
997
1011
1012
1014
1014
1018
1020
1039
1042
1042
1043
1061
1069
1071
1077
1088
1094
1097
1102
1106
1153
1176
1176
1185
1185
4993
4999
5008
5008
5003
4999
4997
4997
4997
5019
5021
5026
5086
5385
5394
5394
5399
5399
5399
5396
5397
5397
5397
5397
5401
5401
5401
5400
5400
5401
5404
5406
5408
5408
5384
5002
4944
4763
4567
4459
4448

