2475
2475
2475
2470
2489
2526
2526
2513
2513
2526
2534
2513
2509
2419
2243
2243
2243
2252
2443
2443
2451
2452
2451
2452
2454
2452
2454
2461
2454
2429
2286
2260
2260
2260
2240
2240
2230
2224
2224
2230
2231
2233
2245
2245
2246
2246
2248
2249
2253
2253
2253
2256
2256
2256
2264
2271
2275
2275
2275
2275
2275
2276
2280
2285
2285
2288
2292
2294
2295
2302
2310
2312
2312
2312
2317
2317
2322
2329
2344
2344
2344
2343
2343
2343
2341
2341
2341
2341
2348
2356
2365
2365
2365
2365
2365
2371
2376
2380
2394
2394
2395
2396
2396
2400
2401
2408
2411
2412
2419
2419
2420
2435
2441
2441
2444
2447
2458
2462
2466
2466
2470
2480
2489
2494
2498
2499
2507
2508
2522
2522
2525
2526
2526
2598
2831
2960
2985
2994
3016
3018
3023
3039
3041
3061
3071
3076
3087
3104
3114
3128
3145
3154
3165
3172
3182
3204
3213
3228
3232
3250
3256
3263
3294
3311
3313
3330
3345
3363
3369
3392
3412
3415
3434
3447
3476
3486
3499
3513
3544
3546
3569
3571
3602
3608
3639
3653
3690
3690
3706
3729
3754
3787
3796
3820
3827
3873
3873
3873
3873
3823
3823
3823
3846
3884
3894
3905
3924
3975
4027
4060
4118
4218
4255
4255
4255
4224
4221
4214
4208
4193
4190
4190
4190
4210
4248
4259
4262
4262
4303
4340
4387
4416
4445
4473
4511
4545
4584
4622
4660
4700
4729
4768
4812
4840
4840
4840
1078
1068
1056
1055
1049
1045
1036
1033
1031
1026
1017
1009
1009
1005
1004
994
991
987
972
972
972
972
972
972
946
945
945
936
934
931
924
923
922
917
908
905
896
896
896
893
888
887
881
876
876
873
876
876
872
856
853
845
845
845
845
840
835
825
821
821
821
819
819
810
804
804
804
805
805
805
784
784
784
786
786
786
777
773
773
773
764
764
764
764
763
758
753
751
751
750
746
745
741
741
728
722
722
722
728
728
728
718
718
718
724
724
724
714
709
709
709
709
709
701
700
700
695
693
695
693
693
692
692
688
686
684
680
680
680
681
681
681
678
673
673
673
673
671
678
671
671
666
672
665
665
662
665
665
665
665
665
658
653
653
653
653
654
654
644
643
643
643
645
645
645
645
645
648
648
645
642
642
642
642
644
644
644
643
644
643
644
643
633
633
633
633
631
632
631
631
631
632
635
635
635
632
630
630
632
642
643
643
642
629
627
627
629
634
634
634
631
629
628
628
628
628
628
631
631
634
637
637
636
636
631
631
631
631
631
635
635
631
629
629
629
635
635
636
636
632
631
631
631
635
635
635
632
632
632
635
637
640
637
636
637
639
639
644
644
644
644
641
641
642
642
642
645
645
645
641
645
640
648
667
7656
7656
7634
7595
7576
7542
7499
7466
689
689
680
689
682
694
694
694
692
692
683
681
680
680
680
680
684
684
689
683
683
683
683
683
679
690
690
6789
6794
6804
6863
6874
6874
6859
6842
6819
6796
6796
6819
8892
8892
8858
8842
8828
8808
6666
6618
6597
6585
6570
6553
6537
6530
6503
6492
6464
882
869
864
860
847
842
839
839
837
837
838
838
835
831
836
836
836
839
839
839
839
842
844
844
844
843
843
843
844
852
856
856
858
858
855
855
859
868
879
882
882
879
887
887
887
888
898
898
898
901
901
901
911
915
916
916
917
917
918
928
943
943
943
951
967
967
969
976
977
977
991
1000
1004
1006
1006
1011
1021
1028
1035
1037
1043
1048
1052
1053
1070
1073
1086
1092
1092
1103
1104
1129
1187
1187
1189
1190
4992
4993
4997
5005
5005
5002
5002
5002
5002
5012
5013
5015
5074
5388
5388
5388
5394
5395
5395
5393
5393
5401
5402
5402
5402
5404
5407
5404
5407
5404
5408
5411
5416
5416
5390
5002
4960
4756
4579
4460
4435

