2504
2504
2504
2505
2505
2537
2535
2535
2535
2537
2538
2538
2510
2411
2244
2244
2244
2257
2434
2434
2455
2455
2434
2434
2455
2434
2455
2463
2455
2426
2276
2271
2269
2265
2263
2257
2223
2223
2223
2227
2233
2233
2233
2237
2241
2244
2245
2245
2249
2249
2249
2253
2259
2259
2265
2265
2263
2263
2266
2273
2282
2285
2285
2285
2285
2285
2290
2294
2297
2301
2303
2303
2303
2307
2324
2327
2328
2328
2331
2331
2334
2341
2349
2349
2349
2342
2342
2342
2351
2352
2353
2355
2360
2363
2371
2371
2373
2374
2389
2393
2393
2393
2393
2393
2404
2409
2414
2414
2414
2414
2417
2432
2440
2446
2446
2449
2449
2453
2461
2474
2483
2484
2485
2486
2491
2491
2500
2517
2522
2522
2528
2528
2528
2603
2837
2978
2981
2989
3001
3008
3027
3047
3049
3062
3071
3071
3092
3099
3112
3129
3135
3144
3169
3171
3179
3202
3204
3223
3228
3241
3263
3265
3283
3307
3322
3340
3350
3357
3381
3391
3422
3430
3430
3444
3463
3476
3504
3526
3545
3550
3569
3589
3602
3618
3631
3660
3679
3695
3715
3736
3743
3765
3787
3802
3842
3865
3879
3879
3879
3822
3822
3822
3849
3884
3902
3906
3922
3964
4011
4045
4102
4225
4260
4260
4260
4209
4208
4196
4191
4188
4185
4185
4185
4218
4241
4265
4266
4268
4308
4340
4377
4415
4443
4483
4509
4541
4572
4621
4666
4703
4727
4770
4805
4841
4887
5011
5159
5227
5271
5338
5391
5448
5537
5693
5748
5777
5925
6003
6081
6188
6188
5470
5469
5437
5437
5439
5439
1104
1096
1053
1052
1047
1040
1039
1033
1022
1003
983
980
961
958
951
939
938
936
935
928
915
911
890
890
885
881
879
878
859
855
845
842
839
836
830
813
809
802
798
796
795
780
776
761
759
759
757
751
748
743
740
731
731
726
726
726
715
700
699
699
699
699
698
682
679
678
676
676
670
666
657
657
655
653
646
639
635
634
628
627
620
620
617
620
619
619
612
607
602
602
601
602
601
601
586
586
585
580
578
573
569
566
566
566
569
566
561
549
549
549
549
547
547
546
545
545
545
542
537
537
533
533
533
528
528
523
523
523
523
518
518
518
514
509
510
509
507
502
502
501
501
499
495
495
495
495
489
489
485
484
484
484
484
488
488
488
478
478
477
477
476
475
473
472
471
466
466
466
468
468
468
468
461
461
461
461
461
461
460
461
460
459
459
458
455
453
450
448
443
443
443
443
452
452
452
445
445
445
445
445
437
435
435
437
439
448
448
448
448
448
442
443
442
440
438
435
432
432
432
432
433
433
432
433
432
432
432
432
432
435
435
435
435
437
433
432
433
432
432
430
426
424
424
424
425
425
428
428
428
416
414
414
414
422
425
425
422
422
422
422
426
426
426
421
421
421
421
424
424
424
420
424
427
428
428
428
417
417
417
414
414
411
411
411
6868
6868
6858
6824
6801
6801
6824
6862
6886
6886
6863
6837
6809
6794
6794
6815
8890
8890
8869
8840
8816
8791
6686
6622
6607
6592
6571
6544
6538
6537
6521
464
453
449
449
443
443
443
442
441
441
441
441
446
448
448
450
450
445
445
450
452
457
463
504
727
834
841
841
841
841
849
849
849
849
849
848
848
851
851
858
874
874
874
874
874
876
893
894
894
894
894
894
901
903
905
909
909
910
913
915
915
930
935
936
946
951
951
956
959
964
972
978
991
1000
1000
1000
1000
1000
1009
1018
1021
1025
1038
1040
1043
1048
1056
1059
1066
1078
1088
1096
1102
1115
1163
1166
1167
1188
4987
4999
5000
5000
4999
4992
4992
4992
5001
5015
5016
5016
5084
5378
5381
5395
5397
5403
5406
5404
5404
5388
5388
5391
5397
5402
5405
5413
5413
5398
5398
5404
5419
5419
5388
4998
4948
4757
4577
4460
4448

