2482
2482
2482
2488
2488
2528
2528
2511
2511
2511
2511
2489
2488
2393
2232
2232
2232
2253
2424
2425
2450
2453
2450
2453
2453
2453
2458
2463
2458
2415
2288
2268
2261
2255
2249
2246
2234
2234
2234
2235
2235
2235
2239
2242
2242
2244
2253
2248
2250
2250
2250
2250
2254
2257
2261
2261
2261
2262
2279
2282
2282
2282
2281
2281
2281
2286
2299
2302
2302
2303
2302
2303
2308
2310
2319
2322
2333
2340
2344
2344
2344
2342
2344
2344
2344
2347
2347
2345
2347
2347
2350
2362
2363
2366
2371
2371
2376
2380
2381
2385
2386
2389
2396
2400
2404
2404
2421
2424
2425
2434
2433
2434
2434
2436
2443
2466
2469
2471
2471
2471
2478
2481
2486
2486
2491
2491
2499
2505
2516
2516
2528
2528
2528
2599
2824
2970
2979
2995
3001
3029
3033
3039
3054
3056
3061
3072
3093
3107
3115
3127
3143
3155
3165
3181
3194
3197
3214
3225
3234
3243
3264
3274
3285
3301
3319
3338
3344
3359
3372
3391
3405
3425
3438
3456
3469
3485
3491
3519
3539
3555
3574
3589
3598
3615
3635
3656
3675
3707
3721
3730
3754
3779
3801
3810
3838
3856
3880
3880
3880
3814
3814
3814
3831
3853
3888
3915
3935
3975
4019
4048
4100
4213
4263
4263
4263
4213
4212
868
868
865
865
864
865
864
862
855
854
846
843
843
838
837
835
833
832
822
819
821
819
818
817
816
813
813
809
809
801
801
796
796
794
791
791
791
781
778
775
775
775
776
777
777
777
767
766
766
765
766
758
757
756
754
750
750
747
732
732
732
732
733
733
732
731
729
728
728
723
723
723
723
721
720
719
714
714
708
708
701
696
696
696
708
708
708
701
700
698
698
696
696
696
692
692
692
687
683
681
676
676
681
681
679
679
678
673
673
672
672
676
678
678
678
673
673
673
671
671
666
662
662
662
667
667
667
665
664
664
665
667
667
667
660
660
660
660
660
660
656
653
653
653
654
658
664
662
662
662
656
650
646
646
646
655
660
660
660
659
652
651
650
650
650
650
650
650
652
650
648
648
647
647
647
651
651
654
654
650
650
650
650
648
650
655
648
648
648
647
647
647
649
652
652
650
650
653
658
664
664
658
657
654
654
657
665
665
665
663
663
659
659
664
664
664
672
672
670
672
670
670
670
669
669
669
669
673
674
674
673
673
674
674
683
683
683
685
685
685
685
686
687
689
690
690
690
690
688
687
687
687
697
701
702
702
702
706
706
707
707
707
707
708
712
715
715
715
715
715
716
718
730
730
730
729
729
729
729
731
736
737
743
743
743
743
748
753
754
755
755
755
760
760
763
766
769
772
772
777
777
777
777
777
775
786
800
7546
7546
7512
7475
7459
7416
863
840
840
840
846
846
846
839
831
831
837
837
837
837
838
850
6690
6736
6791
6918
6918
6911
6871
6863
6814
6801
6801
6821
6867
6876
6876
6857
6838
6812
6791
6791
6797
8908
8908
8875
8851
8819
8810
6660
6609
6609
6607
6577
6563
6547
6519
6514
6487
880
870
869
866
860
844
841
838
835
835
835
835
828
828
829
829
829
829
829
828
827
827
828
831
833
833
838
838
838
842
845
845
849
844
847
847
849
853
874
876
876
877
877
877
879
881
889
889
894
899
899
903
903
900
903
903
906
913
916
927
929
932
934
940
940
942
942
960
961
968
983
984
984
997
998
999
1012
1016
1018
1018
1024
1032
1044
1050
1053
1056
1059
1061
1089
1094
1097
1099
1119
1172
1177
1179
1181
5004
5004
5000
5000
4998
4998
4998
4999
4999
5013
5013
5014
5082
5385
5389
5393
5393
5393
5395
5399
5400
5400
5404
5404
5403
5403
5403
5403
5403
5410
5417
5417
5415
5413
5377
5001
4979
4779
4584
4468
4422

