2469
2469
2469
2482
2482
2519
2532
2524
2524
2524
2524
2504
2488
2419
2233
2233
2233
2250
2428
2428
2456
2456
2452
2452
2452
2451
2451
2466
2451
2432
2283
2273
2265
2261
2257
2256
2247
2232
2232
2232
2233
2233
2234
2234
2244
2247
2247
2247
2255
2259
2260
2260
2261
2267
2269
2270
2271
2274
2275
2276
2276
2278
2290
2290
2290
2288
2288
2288
2300
2301
2304
2307
2310
2310
2315
2325
2327
2327
2327
2328
2334
2342
2344
2344
2344
2344
2344
2346
2349
2352
2356
2356
2356
2363
2383
2383
2388
2388
2389
2389
2390
2397
2397
2397
2399
2399
2399
2412
2425
2428
2432
2432
2436
2436
2442
2457
2462
2462
2463
2470
2484
2486
2489
2490
2492
2497
2509
2514
2518
2518
2522
2533
2535
2613
2830
2961
2980
3004
3007
3013
3038
3047
3051
3059
3064
3079
3091
3108
3111
3126
3141
3160
3165
3174
3199
3204
3224
3225
3234
3244
3268
3276
3296
3303
3307
3325
3340
3360
3376
3385
3403
3417
3436
3437
3463
3475
3498
3518
3536
3557
3567
3574
3597
3614
3631
3663
3684
3693
3715
3725
3725
3725
564
564
564
582
584
584
582
581
571
569
569
571
580
581
581
583
581
581
582
585
582
582
581
579
579
579
579
579
584
579
579
583
583
577
577
577
577
583
583
585
583
585
585
587
589
589
587
586
583
583
583
587
587
589
587
586
586
586
586
590
591
591
594
594
591
587
587
587
595
605
605
605
595
592
592
593
593
607
610
610
610
610
608
608
608
607
607
607
607
607
614
615
617
618
618
621
621
621
621
620
620
619
622
622
624
624
625
632
632
632
632
634
634
637
637
637
637
637
638
636
636
638
639
644
644
644
643
643
643
653
661
661
661
658
658
658
661
666
668
672
673
673
676
676
684
684
684
683
683
683
686
694
694
694
694
695
695
704
706
706
704
704
707
714
727
727
727
727
727
727
735
737
737
739
739
741
753
756
759
759
759
755
755
755
766
778
780
780
780
780
780
784
789
809
809
810
814
814
817
817
816
814
816
816
824
841
841
841
841
851
856
857
859
865
865
868
868
877
877
893
904
904
909
910
911
922
925
936
940
942
944
952
956
958
960
970
974
975
980
985
998
1008
1009
1010
1011
1013
1020
1042
1045
1059
1063
1066
1075
1082
1091
1094
1100
1116
1123
1124
1182
1182
1182
1182
1182
1189
1202
1204
1210
1247
5481
5481
0
0
0
0
0
0
0
0
5520
5537
5538
5538
5539
5535
5541
5541
5549
5585
5585
5588
5649
5918
5919
5940
5984
5993
6663
6663
6617
6583
6558
6558
6598
8515
8515
8433
8399
8353
8329
8288
8279
8203
8169
8147
8142
8041
8029
7994
7963
7928
7895
7870
7817
7791
7766
7727
7698
7678
7646
7612
7574
7543
7506
7476
7450
7422
7405
7382
7352
7328
7289
7264
7239
7208
7072
6918
6795
6753
6723
6702
6684
6682
6684
6734
6785
6919
6919
6905
6889
6853
6823
6800
6800
6829
6876
6876
6871
6848
6824
6811
6804
6804
6810
8866
8866
8849
8838
8829
8812
6678
6659
6604
6586
6560
6559
6544
6536
6512
6487
861
853
853
853
853
851
846
838
831
831
831
837
837
837
834
831
831
831
831
832
832
835
835
837
838
838
845
848
848
845
843
843
842
842
842
850
854
856
857
871
871
871
871
871
877
880
882
883
885
892
899
899
894
899
904
911
912
918
920
920
921
927
933
937
938
956
956
962
965
966
977
979
979
996
1007
1016
1024
1024
1024
1017
1017
1017
1039
1043
1054
1057
1065
1066
1078
1098
1106
1113
1114
1159
1167
1168
1178
5003
5003
4991
4991
4991
4999
4999
4999
5001
5014
5016
5022
5084
5382
5390
5396
5397
5397
5397
5397
5397
5397
5397
5403
5402
5403
5402
5402
5399
5399
5410
5410
5410
5406
5387
5004
4962
4776
4587
4462
4433

