2470
2470
2470
2470
2470
2539
2539
2525
2525
2525
2525
2510
2496
2397
2242
2242
2242
2260
2452
2452
2458
2463
2458
2458
2458
2450
2450
2472
2450
2432
2283
2267
2266
2265
2264
2260
2231
2229
2229
2231
2234
2235
2238
2239
2243
2244
2245
2252
2255
2255
2254
2255
2264
2264
2265
2270
2270
2271
2274
2277
2285
2285
2278
2279
2279
2279
2291
2300
2303
2304
2304
2304
2307
2310
2317
2319
2319
2322
2327
2329
2332
2338
2345
2345
2345
2344
2344
2344
2351
2351
2357
2363
2371
2377
2380
2380
2383
2383
2386
2387
2387
2401
2401
2405
2405
2405
2407
2412
2414
2426
2427
2432
2435
2437
2452
2453
2461
2467
2470
2472
2475
2482
2485
2499
2499
2503
2507
2512
2513
2519
2529
2529
2546
2600
2812
2958
2980
2986
3014
3026
3028
3041
3047
3051
3071
3091
3095
3107
3111
3113
3140
3165
3166
3176
3195
3202
3203
3214
3243
3267
3271
3280
3296
3298
3307
3327
3354
3369
3384
3385
3402
3421
3438
3455
3470
3475
3503
3504
3537
3554
3563
3568
3591
3620
3633
3633
3633
619
613
604
600
600
600
603
605
605
603
603
603
600
603
605
605
605
606
612
612
612
613
613
610
612
612
610
610
612
617
619
621
619
617
613
613
613
620
620
620
617
617
617
623
628
629
629
632
632
634
639
639
639
639
639
639
640
642
655
655
655
645
645
644
641
642
644
644
653
653
656
656
653
652
650
650
650
662
665
665
662
659
659
659
676
678
678
676
672
672
672
687
687
687
690
690
690
703
703
703
701
701
701
708
711
711
715
718
718
718
719
720
726
726
725
725
728
729
730
740
742
742
740
742
746
755
756
760
762
762
763
768
770
774
774
786
786
786
794
795
797
797
799
799
804
808
814
816
816
817
825
820
820
830
840
845
849
850
850
851
865
866
869
872
872
876
882
890
894
896
904
904
905
905
914
917
920
927
934
938
949
956
956
957
957
959
959
970
986
988
992
993
994
1006
1020
1034
1038
1039
1041
1045
1052
1075
1078
1081
1086
1086
1086
1114
1117
1117
1126
1133
1139
1151
1168
1169
1175
1179
1195
1204
1214
1217
1218
1247
1276
1288
1294
1304
1318
1328
1361
1382
2473
2485
2485
2485
2481
2477
2473
2460
2442
2435
2419
2410
2394
2392
2386
2350
2331
2316
2316
2316
2316
2316
0
0
0
0
0
0
0
0
0
0
0
0
0
0
7153
7154
7154
7154
9373
9373
5507
5492
0
0
0
0
0
0
0
0
0
5515
5533
5533
5545
5545
5550
5550
5551
5557
5568
5579
5583
5654
5934
5939
5960
5972
5994
6618
6637
6637
6598
6575
6575
6589
8516
8516
8435
8401
8356
8311
8285
8256
8204
8191
8166
8147
8041
8029
7998
7968
7934
7886
7863
7824
7789
7762
7733
7698
7681
7650
7608
7567
7534
7523
7491
7460
7428
7412
7362
7342
7327
7290
7266
7248
7223
7086
6907
6798
6738
6711
6685
6683
6683
6688
6758
6799
6921
6921
6886
6875
6852
6833
6790
6790
6808
6851
6878
6878
6856
6831
6823
6788
6788
6794
8895
8895
8858
8848
8815
8803
6668
6611
6604
6593
6565
6557
6546
6520
6520
6502
6465
884
878
870
850
849
845
841
839
833
825
828
827
826
827
827
826
825
821
821
819
819
823
825
828
829
847
851
851
847
844
844
844
850
852
853
853
865
875
875
875
875
875
875
877
881
883
890
892
892
892
896
896
908
909
909
911
914
914
919
919
930
935
936
942
950
950
957
961
961
970
979
991
995
998
1004
1008
1010
1022
1024
1027
1034
1045
1049
1049
1052
1052
1067
1080
1085
1090
1113
1116
1169
1170
1170
1185
4999
5006
5006
5006
4996
4994
4994
4994
4998
5011
5017
5032
5091
5397
5397
5390
5390
5398
5401
5401
5402
5402
5403
5403
5401
5401
5399
5403
5399
5404
5404
5406
5414
5414
5408
4998
4964
4771
4588
4476
4428

