2478
2478
2478
2478
2478
2529
2529
2536
2536
2541
2541
2541
2497
2497
2232
2232
2232
2261
2437
2437
2452
2460
2452
2461
2461
2447
2447
2465
2447
2418
2300
2281
2264
2254
2252
2252
2237
2236
2231
2236
2236
2237
2242
2245
2246
2247
2246
2246
2247
2247
2255
2265
2265
2267
2271
2272
2272
2272
2277
2278
2280
2280
2281
2285
2287
2287
2291
2298
2301
2306
2309
2309
2309
2316
2321
2324
2324
2325
2331
2331
2331
2331
2331
2343
2343
2354
2347
2349
2350
2350
2350
2361
2365
2367
2367
2371
2372
2372
2375
2386
2390
2398
2399
2401
2405
2409
2416
2416
2416
2421
2421
2421
2435
2439
2442
2448
2454
2456
2460
2469
2474
2483
2491
2493
2499
2503
2505
2509
2514
2514
2524
2526
2526
2607
2823
2962
2983
2993
3001
3024
3025
3041
3053
3054
3061
3063
3091
3107
3126
3133
3135
3153
3158
3183
3195
3209
3209
3213
3237
3260
3266
3280
3292
3308
3324
3337
3352
3373
3379
3390
3411
3422
3437
3459
3469
3487
3502
3525
3531
3549
3552
3580
3592
3619
3640
3658
3683
3700
3717
3735
3754
3782
3802
3836
3843
3860
3882
3882
3882
3817
3817
3817
3832
3863
3884
3911
3927
3977
4011
4043
4095
4227
4244
4244
4244
4209
4209
4207
4201
4186
4182
4182
4182
4202
4241
4266
4267
4279
4318
4337
4377
4406
4445
4472
4508
4563
4598
4633
4671
4693
4727
4763
4815
4849
4902
4995
5171
5229
5281
5350
5378
5438
5540
5709
5777
5797
5921
6006
6087
6186
6186
5475
5461
5439
1196
1186
1185
1165
1152
1144
1137
1137
1136
1119
1109
1100
1088
1086
1081
1079
1081
1079
1075
1048
1047
1034
1031
1029
1025
1025
1006
1002
996
995
994
986
986
972
967
963
963
955
955
955
948
935
934
926
924
923
918
915
909
909
902
899
887
874
874
874
875
875
875
867
867
866
850
847
847
847
848
848
848
833
826
826
826
826
816
816
814
810
807
807
807
807
807
790
783
782
782
782
782
782
781
780
766
766
766
769
769
769
754
744
743
743
743
743
743
738
734
732
731
726
726
725
724
720
722
722
722
718
706
704
704
704
720
720
720
705
698
692
692
692
692
692
682
681
681
681
688
688
688
671
671
671
675
675
675
667
667
667
668
669
669
669
662
662
662
662
662
662
662
654
654
654
654
652
648
646
645
641
641
645
645
645
645
643
637
637
640
640
640
643
643
639
639
639
639
637
639
636
634
631
631
631
631
634
634
631
628
626
626
626
623
623
615
613
613
615
631
631
631
625
623
623
624
624
624
624
624
624
620
622
622
620
619
609
609
619
623
623
623
620
620
613
620
613
613
618
625
634
639
8263
8263
8191
8183
8180
8136
8061
8035
8002
7960
7920
7894
7862
7837
7795
7773
7713
7696
7663
7635
7612
7577
657
648
646
633
631
631
629
626
626
624
626
631
631
627
631
627
627
638
6670
6683
6681
6683
6730
6788
6922
6922
6892
6875
6869
6821
6794
6794
6818
6862
6884
6884
6859
6829
6806
6790
6790
6797
8887
8887
8860
8850
8825
8785
6673
6656
6605
6577
6569
6568
6537
6532
6507
6480
6447
893
891
880
872
862
848
832
832
832
833
833
833
826
826
826
827
827
827
826
826
826
826
826
829
836
836
840
840
840
847
837
837
839
842
842
843
853
864
864
866
866
866
875
884
891
894
894
894
890
890
890
910
911
911
910
904
904
904
915
921
930
938
938
940
939
939
942
949
958
971
978
984
991
992
992
999
1009
1012
1015
1022
1033
1036
1037
1048
1051
1060
1064
1077
1088
1091
1094
1117
1160
1181
1181
1182
4989
4992
4993
4995
5001
5001
5001
5001
5001
5019
5020
5030
5097
5388
5396
5388
5399
5399
5404
5406
5406
5401
5393
5393
5399
5410
5410
5407
5407
5410
5412
5415
5412
5407
5376
4989
4955
4782
4586
4472
4443

