2459
2459
2459
2494
2494
2536
2517
2517
2536
2537
2538
2538
2538
2522
2242
2242
2242
2245
2432
2440
2450
2455
2450
2458
2458
2450
2450
2458
2450
2425
2279
2270
2268
2264
2261
2259
2236
2236
2236
2238
2238
2238
2238
2238
2236
2238
2244
2244
2244
2244
2244
2256
2259
2259
2259
2259
2259
2267
2275
2275
2275
2288
2288
2290
2292
2295
2295
2296
2297
2302
2304
2309
2309
2310
2312
2315
2326
2326
2327
2327
2337
2337
2348
2337
2337
2344
2344
2344
2345
2351
2358
2360
2360
2361
2361
2361
2373
2376
2382
2386
2387
2394
2401
2401
2402
2405
2405
2411
2418
2424
2426
2426
2445
2448
2450
2451
2454
2460
2463
2465
2480
2484
2495
2495
2497
2505
2506
2516
2529
2529
2529
2534
2534
2594
2828
2959
2991
2999
3010
3025
3029
3037
3052
3063
3072
3082
3084
3096
3113
3128
3152
3153
3158
3171
3175
3202
3219
3232
3239
3247
3256
3276
3285
3308
3330
3331
3350
3353
3373
3391
3415
3437
3442
3446
3454
3477
3499
3512
3531
3534
3559
3593
3598
3622
3632
3650
3662
3690
3711
3749
3757
3784
3785
3809
3845
3862
3880
3880
3880
3822
3822
3822
3842
3873
3888
3903
3918
3966
4019
4055
4122
4234
4235
4235
4235
4225
4220
4212
4212
4210
4179
4179
4179
4214
4245
4270
4275
4281
4303
4346
4363
4414
4456
4485
4517
4551
4585
4627
4672
4685
4733
4775
4816
4858
4893
5012
5160
5242
5283
5314
5390
5435
5541
5713
5740
5784
5913
5990
6076
6197
6197
5463
5462
5448
5444
5444
5434
5418
5416
5413
5413
5414
5424
5431
5441
5499
5592
5592
5496
2301
2300
2283
2269
2269
2269
2269
2092
1596
1316
1273
1254
1253
1238
1233
1214
1210
1194
1177
1176
1160
1151
1150
1146
1140
1123
1113
1100
1087
1086
1085
1071
1059
1055
1045
1031
1031
1022
1020
1018
1018
1009
1007
994
986
983
978
965
960
950
949
945
943
943
931
922
917
915
908
906
897
891
883
883
878
879
876
873
870
857
856
856
842
833
831
830
830
830
828
828
820
816
805
804
798
798
798
798
791
782
778
770
770
770
768
770
770
766
757
749
746
745
738
738
742
738
742
742
738
736
722
722
717
717
717
711
705
705
705
705
705
701
698
693
692
690
690
690
680
675
672
672
675
677
677
680
680
672
656
656
656
653
656
656
653
647
640
640
640
640
638
638
637
636
632
631
631
631
626
626
623
621
621
620
620
622
622
619
619
616
615
612
609
609
608
608
607
607
607
607
604
602
601
601
596
595
595
595
596
596
596
591
587
586
583
583
583
583
583
582
584
584
584
580
579
579
579
578
578
578
584
598
6627
6627
6596
6579
6577
6577
8506
8506
8437
8402
8364
8309
8276
8262
8185
8182
8144
8143
8048
8026
8001
7958
7929
7891
7862
7822
573
570
569
570
570
569
563
563
563
572
573
573
572
557
553
553
553
555
556
7215
7215
7100
6910
6790
6744
6711
6689
6683
6681
6683
6721
6787
6910
6910
6898
6883
6865
6832
6811
6811
6816
6857
6869
6869
6857
6822
6819
6788
6788
6824
8893
8893
8871
8871
8798
8784
6662
6608
6602
6595
6575
6554
6531
6518
6509
6497
6467
904
902
881
860
858
856
852
831
825
819
819
819
824
825
825
825
825
822
821
822
825
820
825
830
836
837
838
839
838
839
839
839
840
845
845
856
863
869
874
874
869
869
875
879
882
882
882
890
890
890
890
894
904
904
904
904
906
906
921
924
930
933
934
937
947
964
964
964
965
965
966
978
993
997
1000
1001
1001
1002
1003
1023
1031
1042
1044
1051
1051
1055
1060
1072
1085
1099
1100
1120
1155
1159
1166
1171
5009
5009
5000
4993
4993
4998
5000
5001
5006
5012
5013
5022
5076
5395
5398
5401
5401
5399
5396
5396
5388
5388
5388
5389
5398
5398
5403
5402
5406
5402
5408
5415
5415
5407
5381
5003
4966
4767
4571
4472
4443

