2465
2465
2465
2494
2494
2526
2526
2525
2525
2525
2525
2503
2492
2385
2236
2236
2236
2260
2440
2440
2444
2452
2440
2456
2456
2453
2453
2466
2453
2416
2307
2265
2259
2258
2258
2250
2235
2233
2233
2233
2235
2241
2241
2244
2246
2248
2248
2251
2257
2257
2256
2256
2262
2262
2262
2264
2263
2267
2269
2271
2273
2278
2283
2283
2285
2287
2294
2305
2306
2307
2307
2310
2310
2312
2312
2323
2327
2323
2327
2334
2348
2353
2354
2354
2354
2339
2339
2339
2353
2353
2356
2356
2367
2367
2367
2367
2372
2379
2382
2386
2393
2393
2394
2394
2398
2408
2427
2427
2428
2434
2440
2440
2443
2445
2448
2452
2454
2468
2470
2477
2477
2490
2493
2495
2496
2498
2505
2507
2511
2521
2525
2531
2541
2591
2822
2966
2990
3005
3006
3007
3022
3039
3053
3073
3077
3085
3091
3094
3110
3129
3148
3168
3169
3174
3176
3190
3216
3230
3241
3251
3267
3273
3294
3299
3343
3346
3350
3371
3375
3386
3409
3431
3448
3458
3471
3478
3512
3520
3531
3554
3571
3585
3602
3618
3637
3662
3674
3696
3697
3723
3750
3782
3803
3811
3828
3854
3876
3876
3876
3818
3818
3818
3848
3858
3881
3892
3935
3982
4025
4047
4097
4215
4252
4252
4252
4216
4204
4204
4202
4200
4188
4188
4188
4195
4228
4265
4273
4282
4320
4346
4370
4404
4446
4486
4517
4556
4592
4616
4645
4691
4735
4784
4822
4838
4884
4988
5156
5244
5309
5345
5397
5438
5527
5707
5785
5794
5912
5981
6070
6178
6178
5470
5455
1587
1562
1561
1558
1558
1557
1551
1549
1545
1543
1542
1541
1539
1534
1532
1531
1531
1531
1526
1526
1524
1518
1512
1512
1513
1512
1510
1510
1507
1506
1505
1503
1503
1503
1500
1494
1500
1494
1494
1494
1490
1490
1485
1488
1485
1485
1485
1485
1479
1475
1474
1474
1475
1475
1474
1472
1470
1470
1472
1472
1472
1475
1474
1474
1472
1466
1463
1463
1462
1462
1462
1457
1456
1456
1462
1458
1462
1462
1458
1453
1448
1448
1448
1448
1448
1447
1447
1453
1454
1456
1457
1459
1459
1462
1462
1462
1458
1458
1457
1456
1456
1453
1453
1457
1463
1463
1463
1462
1461
1458
1458
1458
1456
1456
1456
1461
1463
1464
1465
1465
1464
1464
1465
1468
1468
1472
1469
1472
1472
1475
1476
1490
1490
1490
1480
1480
1480
1481
1489
1491
1491
1489
1480
1480
1480
1495
1499
1501
1501
1501
1499
1497
1497
1499
1524
1536
2426
2493
2493
2493
2481
2475
2434
1620
1561
1561
1550
1550
1561
1587
1679
2296
2312
2324
2324
2324
2324
2324
0
0
0
0
0
0
0
0
0
0
0
0
0
0
7132
7132
7127
7127
9379
9379
5513
5510
5351
0
0
0
0
0
0
0
0
5519
5533
5533
5547
5548
5547
5531
5531
5562
5564
5591
5595
5677
5934
5936
5964
5993
6000
6629
6629
6628
6610
6590
6576
6576
8504
8504
8429
8395
8362
8331
8282
8266
8205
8186
8158
8152
8046
8022
7990
7961
7929
7900
7865
7828
7789
7747
7720
7685
7672
7637
7599
7564
7542
7504
7492
7471
7427
7403
7371
7352
7326
7296
7271
7240
7202
7061
6917
6808
6754
6741
6699
6676
6671
6671
6722
6777
6922
6922
6900
6860
6844
6823
6798
6798
6820
6867
6879
6879
6846
6835
6809
6789
6789
6820
8874
8874
8871
8841
8822
8816
6688
6624
6612
6594
6577
6559
6532
6520
6516
6504
6475
893
888
874
863
859
856
842
836
826
820
820
820
818
826
826
826
826
828
828
828
827
827
827
827
827
834
836
839
841
842
842
842
842
845
851
853
854
858
862
863
872
874
878
878
878
884
884
889
891
895
895
895
895
897
900
901
906
909
909
925
930
935
935
939
942
946
946
958
959
970
976
978
983
984
993
998
1014
1019
1027
1033
1035
1036
1039
1044
1048
1053
1054
1071
1087
1095
1099
1116
1166
1169
1170
1170
5004
5004
5004
5001
5001
5001
5006
5006
5007
5010
5018
5019
5081
5390
5394
5397
5394
5390
5390
5398
5401
5403
5401
5395
5395
5400
5401
5418
5418
5415
5415
5413
5410
5403
5382
5018
4971
4768
4565
4449
4428

