2478
2478
2478
2481
2481
2523
2523
2513
2513
2513
2513
2504
2496
2391
2242
2242
2242
2249
2448
2448
2469
2469
2456
2456
2456
2445
2445
2458
2445
2431
2278
2272
2268
2262
2261
2260
2228
2228
2228
2237
2237
2237
2236
2236
2236
2245
2246
2251
2251
2251
2251
2248
2248
2248
2256
2266
2267
2268
2268
2272
2273
2275
2284
2284
2284
2284
2284
2284
2297
2299
2303
2311
2312
2312
2311
2312
2312
2325
2331
2334
2334
2336
2338
2338
2344
2344
2349
2345
2345
2349
2351
2357
2366
2368
2376
2378
2378
2386
2386
2386
2390
2393
2396
2398
2408
2413
2414
2414
2414
2417
2419
2438
2442
2444
2448
2448
2449
2466
2473
2479
2479
2479
2482
2502
2508
2510
2510
2510
2511
2516
2517
2536
2537
2596
2824
2964
2986
3004
3010
3012
3028
3044
3046
3061
3067
3076
3095
3107
3118
3127
3140
3147
3147
3163
3192
3210
3222
3238
3242
3244
3258
3279
3295
3305
3320
3333
3339
3356
3376
3407
3407
3408
3429
3449
3468
3499
3503
3522
3533
3543
3565
3572
3603
3608
3640
3666
3681
3694
3721
3730
3760
3780
3802
3824
3843
3848
3875
3875
3875
3815
3815
3815
3851
3865
3889
3915
3928
3965
4012
4045
4113
4224
4247
4247
4247
4230
4216
4216
4206
4193
4184
4184
4184
4221
4249
4257
4261
4265
4300
4300
4300
1316
1289
1285
1285
1287
1287
1287
1287
1286
1285
1285
1285
1286
1289
1291
1291
1291
1291
1291
1284
1284
1291
1293
1293
1293
1288
1288
1288
1289
1289
1290
1298
1298
1299
1298
1302
1302
1302
1302
1302
1302
1304
1305
1305
1307
1306
1306
1311
1314
1314
1314
1314
1314
1311
1316
1328
1327
1327
1327
1324
1324
1324
1324
1328
1335
1335
1335
1340
1340
1341
1341
1347
1347
1345
1345
1347
1355
1357
1362
1362
1362
1358
1358
1358
1358
1369
1370
1370
1370
1369
1369
1369
1382
1389
1398
1398
1396
1396
1396
1396
1398
1402
1404
1410
1411
1416
1418
1418
1423
1427
1433
1433
1433
1433
1439
1443
1444
1444
1451
1463
1466
1467
1472
1482
1483
1483
1483
1489
1490
1492
1499
1501
1502
1503
1507
1511
1512
1519
1525
1528
1529
1532
1532
1536
1551
1557
1563
1565
1573
1573
1575
1578
1595
1600
1602
1603
1603
1619
1696
1696
1696
1684
1684
1681
1678
1681
1681
1681
1690
1704
5961
5961
5968
5977
5977
2604
2573
2557
2555
2548
2548
2544
2544
2544
2541
2530
2518
2517
2510
2504
2504
2502
2483
2468
2455
2450
2448
2438
2435
2417
2400
2390
2366
2363
2345
2323
2323
2323
2319
2319
0
0
0
0
0
0
0
5434
5434
0
0
0
0
0
7162
7162
7147
7147
7145
7138
5496
5487
0
0
0
0
0
0
0
0
0
5533
5533
5533
5536
5536
5528
5528
5549
5554
5585
5585
5604
5660
5923
5930
5958
5962
6004
6617
6617
6614
6605
6603
6588
6588
8506
8506
8435
8414
8366
8316
8281
8265
8204
8183
8150
8149
8037
8022
8000
7980
7935
7901
7853
7827
7792
7764
7734
7684
7662
7623
7607
7576
7557
7515
7485
7448
7416
7395
7374
7364
7323
7299
7274
7236
7218
7079
6906
6801
6741
6713
6690
6679
6679
6695
6722
6775
6912
6912
6907
6875
6850
6813
6798
6798
6832
6874
6874
6874
6847
6819
6813
6801
6801
6814
8891
8891
8865
8841
8810
8796
6664
6663
6607
6574
6569
6555
6537
6530
6511
6484
6456
906
905
882
859
853
840
836
831
829
829
831
831
828
827
827
818
818
818
819
821
821
821
830
830
832
832
836
837
840
840
840
842
842
842
842
847
857
861
866
866
866
866
866
873
883
883
883
885
885
885
891
901
901
901
901
904
907
908
914
922
925
932
941
942
946
948
951
960
961
969
980
982
992
992
992
992
1006
1006
1017
1028
1037
1039
1040
1040
1040
1051
1067
1083
1091
1095
1096
1116
1156
1176
1179
1186
4993
4993
4994
4993
4990
4990
4990
4990
4990
5026
5026
5027
5079
5386
5400
5395
5395
5395
5393
5390
5393
5396
5397
5396
5404
5404
5404
5402
5402
5402
5401
5401
5402
5402
5380
5007
4974
4777
4580
4459
4431

