2462
2462
2462
2478
2483
2525
2525
2506
2506
2506
2506
2498
2476
2401
2237
2237
2237
2245
2437
2452
2462
2462
2455
2455
2455
2446
2446
2456
2446
2423
2288
2270
2262
2257
2256
2254
2237
2231
2231
2235
2235
2240
2247
2249
2247
2250
2250
2250
2250
2250
2251
2258
2261
2266
2266
2266
2266
2266
2270
2275
2275
2278
2279
2279
2286
2289
2296
2298
2301
2301
2304
2308
2318
2318
2318
2323
2323
2324
2331
2335
2346
2350
2350
2350
2350
2344
2344
2344
2344
2355
2357
2360
2363
2370
2372
2375
2376
2377
2377
2385
2387
2396
2398
2405
2405
2405
2409
2409
2424
2425
2431
2435
2435
2435
2436
2451
2456
2467
2468
2468
2478
2484
2490
2495
2497
2503
2505
2519
2519
2519
2522
2530
2530
2590
2825
2980
2994
3004
3014
3021
3024
3036
3040
3059
3074
3076
3092
3102
3112
3132
3145
3156
3162
3187
3195
3204
3213
3224
3238
3259
3271
3279
3293
3308
3318
3338
3353
3360
3383
3397
3407
3432
3447
3452
3480
3495
3499
3522
3546
3558
3577
3582
3603
3617
3645
3656
3674
3688
3710
3734
3757
3774
3788
3815
3830
3853
3884
3884
3884
3816
3816
3816
3844
3870
3895
3900
3929
3976
4020
4054
4109
4216
4253
4253
4253
4220
4219
4202
4201
4196
4186
4186
4182
4177
1100
1093
1077
1077
1077
1087
1087
1087
1091
1091
1091
1093
1094
1096
1094
1094
1097
1094
1094
1094
1093
1093
1098
1106
1115
1115
1115
1115
1117
1117
1121
1121
1119
1121
1126
1132
1143
1143
1143
1140
1139
1139
1140
1150
1150
1150
1150
1149
1149
1149
1157
1173
1173
1173
1166
1166
1166
1171
1177
1186
1186
1183
1183
1191
1194
1196
1197
1197
1198
1203
1204
1214
1218
1222
1224
1224
1224
1226
1226
1232
1233
1237
1253
1253
1253
1253
1254
1254
1257
1269
1272
1272
1277
1277
1284
1297
1301
1305
1307
1308
1309
1311
1322
1326
1327
1332
1338
1349
1349
1351
1361
1365
1366
1368
1376
1378
1386
1389
1399
1405
1412
1416
1421
1422
1438
1443
1447
1451
1453
1460
1461
1465
1474
1483
1502
1508
1514
1514
1516
1517
1532
1534
1540
1554
1559
1561
1561
1580
1585
1593
1599
1600
1615
1617
1640
1692
1699
1699
1699
1699
1699
1701
1722
1756
2368
2403
2404
2404
2448
2466
2477
2483
2490
2492
2492
2494
2501
5970
5970
5965
5965
5965
2592
2569
2568
2562
2555
2549
2549
2549
2549
2546
2544
2539
2524
2515
2507
2502
2492
2473
2469
2466
2456
2452
2438
2426
2398
2388
2386
2367
2355
2334
2334
2334
2338
2338
2338
0
0
0
0
0
0
0
0
0
0
0
0
0
0
7156
7156
7123
7123
9397
9397
5530
5523
0
0
0
0
0
0
0
0
0
5516
5531
5533
5533
5543
5545
5545
5549
5557
5563
5582
5583
5648
5921
5937
5968
5990
6017
6639
6639
6622
6589
6588
6558
6558
8501
8501
8427
8408
8357
8318
8289
8266
8203
8179
8166
8148
8058
8026
7990
7960
7925
7895
7865
7831
7797
7761
7736
7701
7660
7628
7593
7570
7543
7521
7491
7470
7442
7404
7364
7330
7313
7292
7267
7255
7214
7089
6921
6809
6748
6709
6696
6678
6673
6678
6719
6781
6912
6912
6886
6871
6840
6817
6801
6801
6828
6867
6870
6870
6853
6826
6812
6800
6800
6810
8883
8885
8883
8833
8818
8802
6673
6617
6617
6586
6573
6553
6542
6518
6502
6492
890
883
866
866
851
842
842
834
834
830
828
827
827
828
827
822
821
822
821
820
820
821
821
821
829
835
835
836
837
837
837
837
836
836
838
846
848
856
859
862
868
877
879
879
879
879
882
882
883
883
886
886
893
900
900
900
900
901
902
902
920
924
925
940
942
942
951
952
952
952
958
971
974
980
1004
1004
1005
1005
1005
1008
1016
1021
1035
1046
1046
1051
1051
1060
1069
1089
1096
1105
1115
1163
1163
1172
1173
4998
5007
5007
4999
4992
4992
4992
4993
5002
5017
5017
5017
5069
5393
5397
5397
5387
5387
5393
5395
5396
5395
5391
5390
5390
5402
5403
5403
5403
5405
5405
5414
5411
5411
5388
4998
4964
4772
4583
4471
4435

