2480
2480
2480
2489
2489
2533
2526
2505
2507
2511
2511
2507
2507
2390
2231
2231
2231
2246
2436
2451
2467
2467
2456
2456
2457
2456
2457
2461
2457
2422
2284
2275
2263
2261
2261
2261
2230
2227
2227
2227
2235
2236
2237
2236
2237
2238
2238
2239
2242
2251
2257
2263
2263
2257
2257
2258
2258
2267
2279
2279
2279
2279
2283
2284
2290
2301
2301
2301
2302
2302
2305
2311
2317
2319
2321
2321
2322
2325
2332
2337
2340
2346
2351
2351
2351
2346
2346
2342
2346
2347
2352
2363
2366
2368
2368
2368
2368
2368
2386
2390
2390
2396
2396
2396
2415
2415
2418
2420
2422
2423
2432
2434
2434
2443
2448
2448
2466
2471
2477
2477
2479
2485
2486
2488
2491
2502
2518
2523
2523
2523
2523
2532
2536
2608
2826
2963
2986
2999
3009
3018
3029
3044
3045
3066
3080
3085
3085
3101
3110
3133
3147
3155
3161
3173
3173
3185
3202
3219
3233
3255
3261
3280
3302
3302
3315
3329
3344
3368
3387
3398
3412
3417
3434
3451
3470
3481
3503
3512
3532
3547
3568
3597
3610
3619
3624
3638
3665
3686
3717
3746
3750
3768
3785
3812
3839
3867
3875
3875
3875
3811
3811
3811
3854
3876
3896
3911
3926
3968
4012
4042
4104
4225
4242
4242
4242
4213
4213
4206
4206
4196
4195
4195
4195
4201
4240
4264
4268
4281
4308
4337
4369
4409
4438
4492
4523
4547
4592
4630
4657
4700
4727
4775
4814
4849
4875
5015
5166
5243
5283
5331
5384
5434
5534
5689
5774
5782
5930
6003
6080
6192
6192
5459
5458
5445
5445
5438
5432
5432
5432
5416
5412
5412
5413
5414
5449
5498
5592
5660
5660
2302
2296
2282
2282
2282
2282
2282
2282
2286
2288
2291
2293
2293
2306
2315
2324
2327
2327
2325
2324
2323
2309
2038
1627
1587
1556
1554
1548
1547
1543
1528
1522
1522
1516
1511
1508
1500
1498
1486
1470
1468
1468
1466
1465
1460
1454
1453
1438
1430
1429
1426
1423
1413
1412
1409
1406
1391
1386
1384
1383
1379
1377
1372
1369
1367
1362
1357
1354
1354
1353
1340
1337
1332
1330
1321
1321
1327
1327
1320
1317
1307
1296
1292
1292
1292
1288
1281
1281
1279
1279
1279
1270
1270
1263
1260
1260
1259
1253
1251
1251
1245
1245
1245
1245
1238
1238
1238
1230
1228
1230
1230
1225
1225
1218
1216
1212
1204
1202
1202
1202
1202
1202
1199
1194
1194
1196
1193
1193
1196
1193
1190
1182
1169
1167
1167
1169
1178
1178
1178
1172
1166
1166
1166
1166
1168
1168
1162
1153
1153
1153
1163
1166
1166
1166
1157
1157
1157
1149
1153
1153
1149
1144
1140
1140
1143
1138
1138
1138
1137
1136
1136
1136
1137
1137
1137
1137
1135
1131
1131
1131
1127
1127
1138
1127
1121
0
0
0
0
0
0
0
0
5527
5543
5541
5541
1166
1122
1122
1122
1120
1121
1132
1132
1132
1172
5938
5963
5998
6015
6657
6657
6620
6598
6581
6571
6571
8508
8508
8439
8401
8376
8316
8283
8275
8206
8185
8168
8143
8053
8026
8008
7958
7938
7889
7856
7814
7780
7758
7727
7698
7674
7626
7601
7572
7544
7518
7486
7456
7433
7409
7380
7356
7326
7296
7269
7239
7207
7082
6911
6794
6744
6703
6699
6685
6685
6691
6734
6795
6911
6911
6887
6865
6851
6825
6803
6803
6828
6880
6880
6869
6845
6839
6813
6801
6801
6807
8892
8892
8868
8848
8831
8788
6656
6614
6583
6582
6579
6560
6550
6521
6506
6491
6457
905
886
875
857
848
843
837
826
826
823
819
818
818
819
828
828
828
820
820
820
827
831
831
831
831
835
835
839
839
837
837
836
836
836
838
842
853
853
866
866
866
866
867
884
884
884
884
884
884
887
888
889
892
899
903
904
904
908
908
909
910
928
932
936
939
946
946
951
958
968
975
980
982
988
990
1009
1009
1010
1011
1014
1025
1030
1036
1047
1048
1060
1061
1062
1083
1088
1095
1119
1158
1171
1171
1172
1173
4985
4989
4989
4993
4998
4999
4999
5010
5012
5012
5012
5084
5396
5400
5403
5400
5393
5392
5393
5394
5402
5402
5398
5398
5390
5390
5388
5400
5405
5414
5416
5416
5403
5378
4998
4964
4786
4584
4461
4436

